ERROR - 2026-05-13 07:04:03 --> Error connecting to the database: Exception: Unable to open database: unable to open database file in /home/zenoh/ITU/S4/Rojo/TechMada-RH-Interne/TechMada/system/Database/SQLite3/Connection.php:111
Stack trace:
#0 /home/zenoh/ITU/S4/Rojo/TechMada-RH-Interne/TechMada/system/Database/SQLite3/Connection.php(111): SQLite3->__construct()
#1 /home/zenoh/ITU/S4/Rojo/TechMada-RH-Interne/TechMada/system/Database/BaseConnection.php(555): CodeIgniter\Database\SQLite3\Connection->connect()
#2 /home/zenoh/ITU/S4/Rojo/TechMada-RH-Interne/TechMada/system/Database/SQLite3/Connection.php(74): CodeIgniter\Database\BaseConnection->initialize()
#3 /home/zenoh/ITU/S4/Rojo/TechMada-RH-Interne/TechMada/system/Database/BaseConnection.php(795): CodeIgniter\Database\SQLite3\Connection->initialize()
#4 /home/zenoh/ITU/S4/Rojo/TechMada-RH-Interne/TechMada/system/Database/BaseBuilder.php(1649): CodeIgniter\Database\BaseConnection->query()
#5 /home/zenoh/ITU/S4/Rojo/TechMada-RH-Interne/TechMada/system/Model.php(253): CodeIgniter\Database\BaseBuilder->get()
#6 /home/zenoh/ITU/S4/Rojo/TechMada-RH-Interne/TechMada/system/BaseModel.php(676): CodeIgniter\Model->doFindAll()
#7 /home/zenoh/ITU/S4/Rojo/TechMada-RH-Interne/TechMada/app/Models/TypeCongeModel.php(49): CodeIgniter\BaseModel->findAll()
#8 /home/zenoh/ITU/S4/Rojo/TechMada-RH-Interne/TechMada/app/Controllers/CongeController.php(16): App\Models\TypeCongeModel->getAllTypesConge()
#9 /home/zenoh/ITU/S4/Rojo/TechMada-RH-Interne/TechMada/system/CodeIgniter.php(951): App\Controllers\CongeController->congeForm()
#10 /home/zenoh/ITU/S4/Rojo/TechMada-RH-Interne/TechMada/system/CodeIgniter.php(497): CodeIgniter\CodeIgniter->runController()
#11 /home/zenoh/ITU/S4/Rojo/TechMada-RH-Interne/TechMada/system/CodeIgniter.php(340): CodeIgniter\CodeIgniter->handleRequest()
#12 /home/zenoh/ITU/S4/Rojo/TechMada-RH-Interne/TechMada/system/Boot.php(417): CodeIgniter\CodeIgniter->run()
#13 /home/zenoh/ITU/S4/Rojo/TechMada-RH-Interne/TechMada/system/Boot.php(68): CodeIgniter\Boot::runCodeIgniter()
#14 /home/zenoh/ITU/S4/Rojo/TechMada-RH-Interne/TechMada/public/index.php(59): CodeIgniter\Boot::bootWeb()
#15 /home/zenoh/ITU/S4/Rojo/TechMada-RH-Interne/TechMada/system/rewrite.php(44): require_once('...')
#16 {main}

Next CodeIgniter\Database\Exceptions\DatabaseException: SQLite3 error: Unable to open database: unable to open database file in /home/zenoh/ITU/S4/Rojo/TechMada-RH-Interne/TechMada/system/Database/SQLite3/Connection.php:118
Stack trace:
#0 /home/zenoh/ITU/S4/Rojo/TechMada-RH-Interne/TechMada/system/Database/BaseConnection.php(555): CodeIgniter\Database\SQLite3\Connection->connect()
#1 /home/zenoh/ITU/S4/Rojo/TechMada-RH-Interne/TechMada/system/Database/SQLite3/Connection.php(74): CodeIgniter\Database\BaseConnection->initialize()
#2 /home/zenoh/ITU/S4/Rojo/TechMada-RH-Interne/TechMada/system/Database/BaseConnection.php(795): CodeIgniter\Database\SQLite3\Connection->initialize()
#3 /home/zenoh/ITU/S4/Rojo/TechMada-RH-Interne/TechMada/system/Database/BaseBuilder.php(1649): CodeIgniter\Database\BaseConnection->query()
#4 /home/zenoh/ITU/S4/Rojo/TechMada-RH-Interne/TechMada/system/Model.php(253): CodeIgniter\Database\BaseBuilder->get()
#5 /home/zenoh/ITU/S4/Rojo/TechMada-RH-Interne/TechMada/system/BaseModel.php(676): CodeIgniter\Model->doFindAll()
#6 /home/zenoh/ITU/S4/Rojo/TechMada-RH-Interne/TechMada/app/Models/TypeCongeModel.php(49): CodeIgniter\BaseModel->findAll()
#7 /home/zenoh/ITU/S4/Rojo/TechMada-RH-Interne/TechMada/app/Controllers/CongeController.php(16): App\Models\TypeCongeModel->getAllTypesConge()
#8 /home/zenoh/ITU/S4/Rojo/TechMada-RH-Interne/TechMada/system/CodeIgniter.php(951): App\Controllers\CongeController->congeForm()
#9 /home/zenoh/ITU/S4/Rojo/TechMada-RH-Interne/TechMada/system/CodeIgniter.php(497): CodeIgniter\CodeIgniter->runController()
#10 /home/zenoh/ITU/S4/Rojo/TechMada-RH-Interne/TechMada/system/CodeIgniter.php(340): CodeIgniter\CodeIgniter->handleRequest()
#11 /home/zenoh/ITU/S4/Rojo/TechMada-RH-Interne/TechMada/system/Boot.php(417): CodeIgniter\CodeIgniter->run()
#12 /home/zenoh/ITU/S4/Rojo/TechMada-RH-Interne/TechMada/system/Boot.php(68): CodeIgniter\Boot::runCodeIgniter()
#13 /home/zenoh/ITU/S4/Rojo/TechMada-RH-Interne/TechMada/public/index.php(59): CodeIgniter\Boot::bootWeb()
#14 /home/zenoh/ITU/S4/Rojo/TechMada-RH-Interne/TechMada/system/rewrite.php(44): require_once('...')
#15 {main}
CRITICAL - 2026-05-13 07:04:03 --> CodeIgniter\Database\Exceptions\DatabaseException: Unable to connect to the database.
Main connection [SQLite3]: SQLite3 error: Unable to open database: unable to open database file
[Method: GET, Route: conge/form]
in SYSTEMPATH/Database/BaseConnection.php on line 606.
 1 SYSTEMPATH/Database/SQLite3/Connection.php(74): CodeIgniter\Database\BaseConnection->initialize()
 2 SYSTEMPATH/Database/BaseConnection.php(795): CodeIgniter\Database\SQLite3\Connection->initialize()
 3 SYSTEMPATH/Database/BaseBuilder.php(1649): CodeIgniter\Database\BaseConnection->query()
 4 SYSTEMPATH/Model.php(253): CodeIgniter\Database\BaseBuilder->get()
 5 SYSTEMPATH/BaseModel.php(676): CodeIgniter\Model->doFindAll()
 6 APPPATH/Models/TypeCongeModel.php(49): CodeIgniter\BaseModel->findAll()
 7 APPPATH/Controllers/CongeController.php(16): App\Models\TypeCongeModel->getAllTypesConge()
 8 SYSTEMPATH/CodeIgniter.php(951): App\Controllers\CongeController->congeForm()
 9 SYSTEMPATH/CodeIgniter.php(497): CodeIgniter\CodeIgniter->runController()
10 SYSTEMPATH/CodeIgniter.php(340): CodeIgniter\CodeIgniter->handleRequest()
11 SYSTEMPATH/Boot.php(417): CodeIgniter\CodeIgniter->run()
12 SYSTEMPATH/Boot.php(68): CodeIgniter\Boot::runCodeIgniter()
13 FCPATH/index.php(59): CodeIgniter\Boot::bootWeb()
14 SYSTEMPATH/rewrite.php(44): require_once('/home/zenoh/ITU/S4/Rojo/TechMada-RH-Interne/TechMada/public/index.php')
